c:\users\afeka\downloads\garageproject9_7\garageproject\garageproject\debug\vc140.pdb
c:\users\afeka\downloads\garageproject9_7\garageproject\garageproject\debug\vc140.idb
c:\users\afeka\downloads\garageproject9_7\garageproject\garageproject\debug\battery.obj
c:\users\afeka\downloads\garageproject9_7\garageproject\garageproject\debug\car.obj
c:\users\afeka\downloads\garageproject9_7\garageproject\garageproject\debug\coden.obj
c:\users\afeka\downloads\garageproject9_7\garageproject\garageproject\debug\electricengine.obj
c:\users\afeka\downloads\garageproject9_7\garageproject\garageproject\debug\engine.obj
c:\users\afeka\downloads\garageproject9_7\garageproject\garageproject\debug\gasolineengine.obj
c:\users\afeka\downloads\garageproject9_7\garageproject\garageproject\debug\main.obj
c:\users\afeka\downloads\garageproject9_7\garageproject\garageproject\debug\malfunction.obj
c:\users\afeka\downloads\garageproject9_7\garageproject\garageproject\debug\motorcycle.obj
c:\users\afeka\downloads\garageproject9_7\garageproject\garageproject\debug\oilpump.obj
c:\users\afeka\downloads\garageproject9_7\garageproject\garageproject\debug\owner.obj
c:\users\afeka\downloads\garageproject9_7\garageproject\garageproject\debug\part.obj
c:\users\afeka\downloads\garageproject9_7\garageproject\garageproject\debug\person.obj
c:\users\afeka\downloads\garageproject9_7\garageproject\garageproject\debug\veichle.obj
c:\users\afeka\downloads\garageproject9_7\garageproject\garageproject\debug\veichleproblems.obj
c:\users\afeka\downloads\garageproject9_7\garageproject\garageproject\debug\wheel.obj
c:\users\afeka\downloads\garageproject9_7\garageproject\garageproject\debug\worker.obj
c:\users\afeka\downloads\garageproject9_7\garageproject\debug\garageproject.ilk
c:\users\afeka\downloads\garageproject9_7\garageproject\debug\garageproject.exe
c:\users\afeka\downloads\garageproject9_7\garageproject\debug\garageproject.pdb
c:\users\afeka\downloads\garageproject9_7\garageproject\garageproject\debug\garageproject.tlog\cl.command.1.tlog
c:\users\afeka\downloads\garageproject9_7\garageproject\garageproject\debug\garageproject.tlog\cl.read.1.tlog
c:\users\afeka\downloads\garageproject9_7\garageproject\garageproject\debug\garageproject.tlog\cl.write.1.tlog
c:\users\afeka\downloads\garageproject9_7\garageproject\garageproject\debug\garageproject.tlog\link.command.1.tlog
c:\users\afeka\downloads\garageproject9_7\garageproject\garageproject\debug\garageproject.tlog\link.read.1.tlog
c:\users\afeka\downloads\garageproject9_7\garageproject\garageproject\debug\garageproject.tlog\link.write.1.tlog
